D:\WORK\LIBSRTP\WOLFSSL_SAMPLE_AES_GCM\WOLFSSL_STUB_SAMPLE_AES_GCM\LIB\LIBSRTP-I386-WIN32-VC6-DEBUG.LIB
D:\WORK\LIBSRTP\WOLFSSL_SAMPLE_AES_GCM\WOLFSSL_STUB_SAMPLE_AES_GCM\SRTP\BUILD\OUTPUT\LIBSRTP-I386-WIN32-VC6-DEBUG\AES.OBJ
D:\WORK\LIBSRTP\WOLFSSL_SAMPLE_AES_GCM\WOLFSSL_STUB_SAMPLE_AES_GCM\SRTP\BUILD\OUTPUT\LIBSRTP-I386-WIN32-VC6-DEBUG\AES.SBR
D:\WORK\LIBSRTP\WOLFSSL_SAMPLE_AES_GCM\WOLFSSL_STUB_SAMPLE_AES_GCM\SRTP\BUILD\OUTPUT\LIBSRTP-I386-WIN32-VC6-DEBUG\AES_GCM_OSSL.OBJ
D:\WORK\LIBSRTP\WOLFSSL_SAMPLE_AES_GCM\WOLFSSL_STUB_SAMPLE_AES_GCM\SRTP\BUILD\OUTPUT\LIBSRTP-I386-WIN32-VC6-DEBUG\AES_GCM_OSSL.SBR
D:\WORK\LIBSRTP\WOLFSSL_SAMPLE_AES_GCM\WOLFSSL_STUB_SAMPLE_AES_GCM\SRTP\BUILD\OUTPUT\LIBSRTP-I386-WIN32-VC6-DEBUG\AES_ICM.OBJ
D:\WORK\LIBSRTP\WOLFSSL_SAMPLE_AES_GCM\WOLFSSL_STUB_SAMPLE_AES_GCM\SRTP\BUILD\OUTPUT\LIBSRTP-I386-WIN32-VC6-DEBUG\AES_ICM.SBR
D:\WORK\LIBSRTP\WOLFSSL_SAMPLE_AES_GCM\WOLFSSL_STUB_SAMPLE_AES_GCM\SRTP\BUILD\OUTPUT\LIBSRTP-I386-WIN32-VC6-DEBUG\AES_ICM_OSSL.OBJ
D:\WORK\LIBSRTP\WOLFSSL_SAMPLE_AES_GCM\WOLFSSL_STUB_SAMPLE_AES_GCM\SRTP\BUILD\OUTPUT\LIBSRTP-I386-WIN32-VC6-DEBUG\AES_ICM_OSSL.SBR
D:\WORK\LIBSRTP\WOLFSSL_SAMPLE_AES_GCM\WOLFSSL_STUB_SAMPLE_AES_GCM\SRTP\BUILD\OUTPUT\LIBSRTP-I386-WIN32-VC6-DEBUG\ALLOC.OBJ
D:\WORK\LIBSRTP\WOLFSSL_SAMPLE_AES_GCM\WOLFSSL_STUB_SAMPLE_AES_GCM\SRTP\BUILD\OUTPUT\LIBSRTP-I386-WIN32-VC6-DEBUG\ALLOC.SBR
D:\WORK\LIBSRTP\WOLFSSL_SAMPLE_AES_GCM\WOLFSSL_STUB_SAMPLE_AES_GCM\SRTP\BUILD\OUTPUT\LIBSRTP-I386-WIN32-VC6-DEBUG\AUTH.OBJ
D:\WORK\LIBSRTP\WOLFSSL_SAMPLE_AES_GCM\WOLFSSL_STUB_SAMPLE_AES_GCM\SRTP\BUILD\OUTPUT\LIBSRTP-I386-WIN32-VC6-DEBUG\AUTH.SBR
D:\Work\libSRTP\WolfSSL_Sample_AES_GCM\WolfSSL_Stub_Sample_AES_GCM\srtp\build\output\libsrtp-i386-win32-vc6-debug\BscMake.command.1.tlog
D:\Work\libSRTP\WolfSSL_Sample_AES_GCM\WolfSSL_Stub_Sample_AES_GCM\srtp\build\output\libsrtp-i386-win32-vc6-debug\bscmake.read.1.tlog
D:\Work\libSRTP\WolfSSL_Sample_AES_GCM\WolfSSL_Stub_Sample_AES_GCM\srtp\build\output\libsrtp-i386-win32-vc6-debug\bscmake.write.1.tlog
D:\WORK\LIBSRTP\WOLFSSL_SAMPLE_AES_GCM\WOLFSSL_STUB_SAMPLE_AES_GCM\SRTP\BUILD\OUTPUT\LIBSRTP-I386-WIN32-VC6-DEBUG\CIPHER.OBJ
D:\WORK\LIBSRTP\WOLFSSL_SAMPLE_AES_GCM\WOLFSSL_STUB_SAMPLE_AES_GCM\SRTP\BUILD\OUTPUT\LIBSRTP-I386-WIN32-VC6-DEBUG\CIPHER.SBR
D:\Work\libSRTP\WolfSSL_Sample_AES_GCM\WolfSSL_Stub_Sample_AES_GCM\srtp\build\output\libsrtp-i386-win32-vc6-debug\cl.command.1.tlog
D:\Work\libSRTP\WolfSSL_Sample_AES_GCM\WolfSSL_Stub_Sample_AES_GCM\srtp\build\output\libsrtp-i386-win32-vc6-debug\CL.read.1.tlog
D:\Work\libSRTP\WolfSSL_Sample_AES_GCM\WolfSSL_Stub_Sample_AES_GCM\srtp\build\output\libsrtp-i386-win32-vc6-debug\CL.write.1.tlog
D:\WORK\LIBSRTP\WOLFSSL_SAMPLE_AES_GCM\WOLFSSL_STUB_SAMPLE_AES_GCM\SRTP\BUILD\OUTPUT\LIBSRTP-I386-WIN32-VC6-DEBUG\CRYPTO_KERNEL.OBJ
D:\WORK\LIBSRTP\WOLFSSL_SAMPLE_AES_GCM\WOLFSSL_STUB_SAMPLE_AES_GCM\SRTP\BUILD\OUTPUT\LIBSRTP-I386-WIN32-VC6-DEBUG\CRYPTO_KERNEL.SBR
D:\WORK\LIBSRTP\WOLFSSL_SAMPLE_AES_GCM\WOLFSSL_STUB_SAMPLE_AES_GCM\SRTP\BUILD\OUTPUT\LIBSRTP-I386-WIN32-VC6-DEBUG\DATATYPES.OBJ
D:\WORK\LIBSRTP\WOLFSSL_SAMPLE_AES_GCM\WOLFSSL_STUB_SAMPLE_AES_GCM\SRTP\BUILD\OUTPUT\LIBSRTP-I386-WIN32-VC6-DEBUG\DATATYPES.SBR
D:\WORK\LIBSRTP\WOLFSSL_SAMPLE_AES_GCM\WOLFSSL_STUB_SAMPLE_AES_GCM\SRTP\BUILD\OUTPUT\LIBSRTP-I386-WIN32-VC6-DEBUG\EKT.OBJ
D:\WORK\LIBSRTP\WOLFSSL_SAMPLE_AES_GCM\WOLFSSL_STUB_SAMPLE_AES_GCM\SRTP\BUILD\OUTPUT\LIBSRTP-I386-WIN32-VC6-DEBUG\EKT.SBR
D:\WORK\LIBSRTP\WOLFSSL_SAMPLE_AES_GCM\WOLFSSL_STUB_SAMPLE_AES_GCM\SRTP\BUILD\OUTPUT\LIBSRTP-I386-WIN32-VC6-DEBUG\ERR.OBJ
D:\WORK\LIBSRTP\WOLFSSL_SAMPLE_AES_GCM\WOLFSSL_STUB_SAMPLE_AES_GCM\SRTP\BUILD\OUTPUT\LIBSRTP-I386-WIN32-VC6-DEBUG\ERR.SBR
D:\WORK\LIBSRTP\WOLFSSL_SAMPLE_AES_GCM\WOLFSSL_STUB_SAMPLE_AES_GCM\SRTP\BUILD\OUTPUT\LIBSRTP-I386-WIN32-VC6-DEBUG\HMAC.OBJ
D:\WORK\LIBSRTP\WOLFSSL_SAMPLE_AES_GCM\WOLFSSL_STUB_SAMPLE_AES_GCM\SRTP\BUILD\OUTPUT\LIBSRTP-I386-WIN32-VC6-DEBUG\HMAC.SBR
D:\WORK\LIBSRTP\WOLFSSL_SAMPLE_AES_GCM\WOLFSSL_STUB_SAMPLE_AES_GCM\SRTP\BUILD\OUTPUT\LIBSRTP-I386-WIN32-VC6-DEBUG\KEY.OBJ
D:\WORK\LIBSRTP\WOLFSSL_SAMPLE_AES_GCM\WOLFSSL_STUB_SAMPLE_AES_GCM\SRTP\BUILD\OUTPUT\LIBSRTP-I386-WIN32-VC6-DEBUG\KEY.SBR
D:\Work\libSRTP\WolfSSL_Sample_AES_GCM\WolfSSL_Stub_Sample_AES_GCM\srtp\build\output\libsrtp-i386-win32-vc6-debug\lib.command.1.tlog
D:\Work\libSRTP\WolfSSL_Sample_AES_GCM\WolfSSL_Stub_Sample_AES_GCM\srtp\build\output\libsrtp-i386-win32-vc6-debug\Lib-link.read.1.tlog
D:\Work\libSRTP\WolfSSL_Sample_AES_GCM\WolfSSL_Stub_Sample_AES_GCM\srtp\build\output\libsrtp-i386-win32-vc6-debug\Lib-link.write.1.tlog
D:\WORK\LIBSRTP\WOLFSSL_SAMPLE_AES_GCM\WOLFSSL_STUB_SAMPLE_AES_GCM\SRTP\BUILD\OUTPUT\LIBSRTP-I386-WIN32-VC6-DEBUG\LIBSRTP.BSC
D:\WORK\LIBSRTP\WOLFSSL_SAMPLE_AES_GCM\WOLFSSL_STUB_SAMPLE_AES_GCM\SRTP\BUILD\OUTPUT\LIBSRTP-I386-WIN32-VC6-DEBUG\NULL_AUTH.OBJ
D:\WORK\LIBSRTP\WOLFSSL_SAMPLE_AES_GCM\WOLFSSL_STUB_SAMPLE_AES_GCM\SRTP\BUILD\OUTPUT\LIBSRTP-I386-WIN32-VC6-DEBUG\NULL_AUTH.SBR
D:\WORK\LIBSRTP\WOLFSSL_SAMPLE_AES_GCM\WOLFSSL_STUB_SAMPLE_AES_GCM\SRTP\BUILD\OUTPUT\LIBSRTP-I386-WIN32-VC6-DEBUG\NULL_CIPHER.OBJ
D:\WORK\LIBSRTP\WOLFSSL_SAMPLE_AES_GCM\WOLFSSL_STUB_SAMPLE_AES_GCM\SRTP\BUILD\OUTPUT\LIBSRTP-I386-WIN32-VC6-DEBUG\NULL_CIPHER.SBR
D:\WORK\LIBSRTP\WOLFSSL_SAMPLE_AES_GCM\WOLFSSL_STUB_SAMPLE_AES_GCM\SRTP\BUILD\OUTPUT\LIBSRTP-I386-WIN32-VC6-DEBUG\RDB.OBJ
D:\WORK\LIBSRTP\WOLFSSL_SAMPLE_AES_GCM\WOLFSSL_STUB_SAMPLE_AES_GCM\SRTP\BUILD\OUTPUT\LIBSRTP-I386-WIN32-VC6-DEBUG\RDB.SBR
D:\WORK\LIBSRTP\WOLFSSL_SAMPLE_AES_GCM\WOLFSSL_STUB_SAMPLE_AES_GCM\SRTP\BUILD\OUTPUT\LIBSRTP-I386-WIN32-VC6-DEBUG\RDBX.OBJ
D:\WORK\LIBSRTP\WOLFSSL_SAMPLE_AES_GCM\WOLFSSL_STUB_SAMPLE_AES_GCM\SRTP\BUILD\OUTPUT\LIBSRTP-I386-WIN32-VC6-DEBUG\RDBX.SBR
D:\WORK\LIBSRTP\WOLFSSL_SAMPLE_AES_GCM\WOLFSSL_STUB_SAMPLE_AES_GCM\SRTP\BUILD\OUTPUT\LIBSRTP-I386-WIN32-VC6-DEBUG\SHA1.OBJ
D:\WORK\LIBSRTP\WOLFSSL_SAMPLE_AES_GCM\WOLFSSL_STUB_SAMPLE_AES_GCM\SRTP\BUILD\OUTPUT\LIBSRTP-I386-WIN32-VC6-DEBUG\SHA1.SBR
D:\WORK\LIBSRTP\WOLFSSL_SAMPLE_AES_GCM\WOLFSSL_STUB_SAMPLE_AES_GCM\SRTP\BUILD\OUTPUT\LIBSRTP-I386-WIN32-VC6-DEBUG\SRTP.OBJ
D:\WORK\LIBSRTP\WOLFSSL_SAMPLE_AES_GCM\WOLFSSL_STUB_SAMPLE_AES_GCM\SRTP\BUILD\OUTPUT\LIBSRTP-I386-WIN32-VC6-DEBUG\SRTP.SBR
D:\WORK\LIBSRTP\WOLFSSL_SAMPLE_AES_GCM\WOLFSSL_STUB_SAMPLE_AES_GCM\SRTP\BUILD\OUTPUT\LIBSRTP-I386-WIN32-VC6-DEBUG\SRTP_ERR.OBJ
D:\WORK\LIBSRTP\WOLFSSL_SAMPLE_AES_GCM\WOLFSSL_STUB_SAMPLE_AES_GCM\SRTP\BUILD\OUTPUT\LIBSRTP-I386-WIN32-VC6-DEBUG\SRTP_ERR.SBR
D:\WORK\LIBSRTP\WOLFSSL_SAMPLE_AES_GCM\WOLFSSL_STUB_SAMPLE_AES_GCM\SRTP\BUILD\OUTPUT\LIBSRTP-I386-WIN32-VC6-DEBUG\STAT.OBJ
D:\WORK\LIBSRTP\WOLFSSL_SAMPLE_AES_GCM\WOLFSSL_STUB_SAMPLE_AES_GCM\SRTP\BUILD\OUTPUT\LIBSRTP-I386-WIN32-VC6-DEBUG\STAT.SBR
D:\Work\libSRTP\WolfSSL_Sample_AES_GCM\WolfSSL_Stub_Sample_AES_GCM\srtp\build\output\libsrtp-i386-win32-vc6-debug\vc100.idb
D:\WORK\LIBSRTP\WOLFSSL_SAMPLE_AES_GCM\WOLFSSL_STUB_SAMPLE_AES_GCM\SRTP\BUILD\OUTPUT\LIBSRTP-I386-WIN32-VC6-DEBUG\VC100.PDB
