d:\work\libsrtp\wolfssl_sample_aes_gcm\wolfssl_stub_sample_aes_gcm\srtp\build\output\libsrtp-i386-win32-vc6-debug\libsrtp.bsc
d:\work\libsrtp\wolfssl_sample_aes_gcm\wolfssl_stub_sample_aes_gcm\srtp\build\output\libsrtp-i386-win32-vc6-debug\rdbx.sbr
d:\work\libsrtp\wolfssl_sample_aes_gcm\wolfssl_stub_sample_aes_gcm\srtp\build\output\libsrtp-i386-win32-vc6-debug\rdb.sbr
d:\work\libsrtp\wolfssl_sample_aes_gcm\wolfssl_stub_sample_aes_gcm\srtp\build\output\libsrtp-i386-win32-vc6-debug\stat.sbr
d:\work\libsrtp\wolfssl_sample_aes_gcm\wolfssl_stub_sample_aes_gcm\srtp\build\output\libsrtp-i386-win32-vc6-debug\key.sbr
d:\work\libsrtp\wolfssl_sample_aes_gcm\wolfssl_stub_sample_aes_gcm\srtp\build\output\libsrtp-i386-win32-vc6-debug\crypto_kernel.sbr
d:\work\libsrtp\wolfssl_sample_aes_gcm\wolfssl_stub_sample_aes_gcm\srtp\build\output\libsrtp-i386-win32-vc6-debug\alloc.sbr
d:\work\libsrtp\wolfssl_sample_aes_gcm\wolfssl_stub_sample_aes_gcm\srtp\build\output\libsrtp-i386-win32-vc6-debug\null_auth.sbr
d:\work\libsrtp\wolfssl_sample_aes_gcm\wolfssl_stub_sample_aes_gcm\srtp\build\output\libsrtp-i386-win32-vc6-debug\hmac.sbr
d:\work\libsrtp\wolfssl_sample_aes_gcm\wolfssl_stub_sample_aes_gcm\srtp\build\output\libsrtp-i386-win32-vc6-debug\auth.sbr
d:\work\libsrtp\wolfssl_sample_aes_gcm\wolfssl_stub_sample_aes_gcm\srtp\build\output\libsrtp-i386-win32-vc6-debug\null_cipher.sbr
d:\work\libsrtp\wolfssl_sample_aes_gcm\wolfssl_stub_sample_aes_gcm\srtp\build\output\libsrtp-i386-win32-vc6-debug\cipher.sbr
d:\work\libsrtp\wolfssl_sample_aes_gcm\wolfssl_stub_sample_aes_gcm\srtp\build\output\libsrtp-i386-win32-vc6-debug\aes.sbr
d:\work\libsrtp\wolfssl_sample_aes_gcm\wolfssl_stub_sample_aes_gcm\srtp\build\output\libsrtp-i386-win32-vc6-debug\srtp_err.sbr
d:\work\libsrtp\wolfssl_sample_aes_gcm\wolfssl_stub_sample_aes_gcm\srtp\build\output\libsrtp-i386-win32-vc6-debug\srtp.sbr
d:\work\libsrtp\wolfssl_sample_aes_gcm\wolfssl_stub_sample_aes_gcm\srtp\build\output\libsrtp-i386-win32-vc6-debug\ekt.sbr
d:\work\libsrtp\wolfssl_sample_aes_gcm\wolfssl_stub_sample_aes_gcm\srtp\build\output\libsrtp-i386-win32-vc6-debug\datatypes.sbr
d:\work\libsrtp\wolfssl_sample_aes_gcm\wolfssl_stub_sample_aes_gcm\srtp\build\output\libsrtp-i386-win32-vc6-debug\err.sbr
d:\work\libsrtp\wolfssl_sample_aes_gcm\wolfssl_stub_sample_aes_gcm\srtp\build\output\libsrtp-i386-win32-vc6-debug\sha1.sbr
d:\work\libsrtp\wolfssl_sample_aes_gcm\wolfssl_stub_sample_aes_gcm\srtp\build\output\libsrtp-i386-win32-vc6-debug\aes_icm_ossl.sbr
d:\work\libsrtp\wolfssl_sample_aes_gcm\wolfssl_stub_sample_aes_gcm\srtp\build\output\libsrtp-i386-win32-vc6-debug\aes_icm.sbr
d:\work\libsrtp\wolfssl_sample_aes_gcm\wolfssl_stub_sample_aes_gcm\srtp\build\output\libsrtp-i386-win32-vc6-debug\aes_icm.obj
d:\work\libsrtp\wolfssl_sample_aes_gcm\wolfssl_stub_sample_aes_gcm\srtp\build\output\libsrtp-i386-win32-vc6-debug\aes_icm_ossl.obj
d:\work\libsrtp\wolfssl_sample_aes_gcm\wolfssl_stub_sample_aes_gcm\srtp\build\output\libsrtp-i386-win32-vc6-debug\sha1.obj
d:\work\libsrtp\wolfssl_sample_aes_gcm\wolfssl_stub_sample_aes_gcm\srtp\build\output\libsrtp-i386-win32-vc6-debug\err.obj
d:\work\libsrtp\wolfssl_sample_aes_gcm\wolfssl_stub_sample_aes_gcm\srtp\build\output\libsrtp-i386-win32-vc6-debug\datatypes.obj
d:\work\libsrtp\wolfssl_sample_aes_gcm\wolfssl_stub_sample_aes_gcm\srtp\build\output\libsrtp-i386-win32-vc6-debug\ekt.obj
d:\work\libsrtp\wolfssl_sample_aes_gcm\wolfssl_stub_sample_aes_gcm\srtp\build\output\libsrtp-i386-win32-vc6-debug\srtp.obj
d:\work\libsrtp\wolfssl_sample_aes_gcm\wolfssl_stub_sample_aes_gcm\srtp\build\output\libsrtp-i386-win32-vc6-debug\srtp_err.obj
d:\work\libsrtp\wolfssl_sample_aes_gcm\wolfssl_stub_sample_aes_gcm\srtp\build\output\libsrtp-i386-win32-vc6-debug\aes.obj
d:\work\libsrtp\wolfssl_sample_aes_gcm\wolfssl_stub_sample_aes_gcm\srtp\build\output\libsrtp-i386-win32-vc6-debug\cipher.obj
d:\work\libsrtp\wolfssl_sample_aes_gcm\wolfssl_stub_sample_aes_gcm\srtp\build\output\libsrtp-i386-win32-vc6-debug\null_cipher.obj
d:\work\libsrtp\wolfssl_sample_aes_gcm\wolfssl_stub_sample_aes_gcm\srtp\build\output\libsrtp-i386-win32-vc6-debug\auth.obj
d:\work\libsrtp\wolfssl_sample_aes_gcm\wolfssl_stub_sample_aes_gcm\srtp\build\output\libsrtp-i386-win32-vc6-debug\hmac.obj
d:\work\libsrtp\wolfssl_sample_aes_gcm\wolfssl_stub_sample_aes_gcm\srtp\build\output\libsrtp-i386-win32-vc6-debug\null_auth.obj
d:\work\libsrtp\wolfssl_sample_aes_gcm\wolfssl_stub_sample_aes_gcm\srtp\build\output\libsrtp-i386-win32-vc6-debug\alloc.obj
d:\work\libsrtp\wolfssl_sample_aes_gcm\wolfssl_stub_sample_aes_gcm\srtp\build\output\libsrtp-i386-win32-vc6-debug\crypto_kernel.obj
d:\work\libsrtp\wolfssl_sample_aes_gcm\wolfssl_stub_sample_aes_gcm\srtp\build\output\libsrtp-i386-win32-vc6-debug\key.obj
d:\work\libsrtp\wolfssl_sample_aes_gcm\wolfssl_stub_sample_aes_gcm\srtp\build\output\libsrtp-i386-win32-vc6-debug\stat.obj
d:\work\libsrtp\wolfssl_sample_aes_gcm\wolfssl_stub_sample_aes_gcm\srtp\build\output\libsrtp-i386-win32-vc6-debug\rdb.obj
d:\work\libsrtp\wolfssl_sample_aes_gcm\wolfssl_stub_sample_aes_gcm\srtp\build\output\libsrtp-i386-win32-vc6-debug\rdbx.obj
d:\work\libsrtp\wolfssl_sample_aes_gcm\wolfssl_stub_sample_aes_gcm\srtp\build\output\libsrtp-i386-win32-vc6-debug\aes_gcm_ossl.sbr
d:\work\libsrtp\wolfssl_sample_aes_gcm\wolfssl_stub_sample_aes_gcm\srtp\build\output\libsrtp-i386-win32-vc6-debug\aes_gcm_ossl.obj
d:\work\libsrtp\wolfssl_sample_aes_gcm\wolfssl_stub_sample_aes_gcm\srtp\build\output\libsrtp-i386-win32-vc6-debug\vc100.pdb
d:\work\libsrtp\wolfssl_sample_aes_gcm\wolfssl_stub_sample_aes_gcm\lib\libsrtp-i386-win32-vc6-debug.lib
d:\work\libsrtp\wolfssl_sample_aes_gcm\wolfssl_stub_sample_aes_gcm\srtp\build\output\libsrtp-i386-win32-vc6-debug\bscmake.command.1.tlog
d:\work\libsrtp\wolfssl_sample_aes_gcm\wolfssl_stub_sample_aes_gcm\srtp\build\output\libsrtp-i386-win32-vc6-debug\bscmake.read.1.tlog
d:\work\libsrtp\wolfssl_sample_aes_gcm\wolfssl_stub_sample_aes_gcm\srtp\build\output\libsrtp-i386-win32-vc6-debug\bscmake.write.1.tlog
d:\work\libsrtp\wolfssl_sample_aes_gcm\wolfssl_stub_sample_aes_gcm\srtp\build\output\libsrtp-i386-win32-vc6-debug\cl.command.1.tlog
d:\work\libsrtp\wolfssl_sample_aes_gcm\wolfssl_stub_sample_aes_gcm\srtp\build\output\libsrtp-i386-win32-vc6-debug\cl.read.1.tlog
d:\work\libsrtp\wolfssl_sample_aes_gcm\wolfssl_stub_sample_aes_gcm\srtp\build\output\libsrtp-i386-win32-vc6-debug\cl.write.1.tlog
d:\work\libsrtp\wolfssl_sample_aes_gcm\wolfssl_stub_sample_aes_gcm\srtp\build\output\libsrtp-i386-win32-vc6-debug\lib-link.read.1.tlog
d:\work\libsrtp\wolfssl_sample_aes_gcm\wolfssl_stub_sample_aes_gcm\srtp\build\output\libsrtp-i386-win32-vc6-debug\lib-link.write.1.tlog
d:\work\libsrtp\wolfssl_sample_aes_gcm\wolfssl_stub_sample_aes_gcm\srtp\build\output\libsrtp-i386-win32-vc6-debug\lib.command.1.tlog
d:\work\libsrtp\wolfssl_sample_aes_gcm\wolfssl_stub_sample_aes_gcm\srtp\build\output\libsrtp-i386-win32-vc6-debug\vc100.idb
